{
  "RSpec": {
    "coverage": {
      "/Users/daniellong/Desktop/GSA-LIB/lib/gsa.rb": [
        1,
        1,
        1,
        null,
        1,
        1,
        1,
        1,
        1,
        1,
        1,
        1,
        1,
        null,
        1,
        null,
        null,
        null,
        null,
        null,
        1,
        1,
        null,
        null,
        1,
        null,
        null,
        1,
        null,
        null,
        1,
        1,
        1,
        1,
        1,
        1,
        1,
        null,
        null,
        null,
        null,
        null,
        null,
        1,
        null,
        null,
        1,
        1,
        1,
        null,
        null,
        1,
        1,
        1,
        1,
        1,
        1,
        1,
        1,
        1,
        1,
        1,
        null,
        null,
        1,
        1,
        1,
        2,
        2,
        null,
        null,
        1,
        10,
        10,
        8,
        null,
        null,
        1,
        2,
        null,
        null,
        1,
        4,
        null,
        null,
        null,
        1,
        null,
        null,
        1,
        2,
        null,
        null,
        1,
        10,
        null,
        null,
        1,
        8,
        null,
        null,
        1,
        2,
        null,
        null,
        null,
        null,
        1,
        null,
        null,
        null,
        null,
        null,
        null,
        null,
        null,
        null,
        null,
        null,
        null,
        null,
        null,
        null,
        null,
        null,
        null,
        null,
        null,
        null,
        null,
        null,
        null,
        null,
        null,
        null,
        null,
        null,
        null,
        null,
        null,
        null,
        null,
        null,
        null,
        null,
        null,
        null,
        null,
        null,
        null,
        null,
        null,
        null,
        null,
        null,
        null,
        null,
        null,
        null,
        null,
        null,
        null,
        null,
        null,
        null,
        null,
        null,
        null,
        null,
        null,
        null,
        null,
        null,
        null,
        null,
        null,
        null,
        null,
        null,
        null,
        null,
        null,
        null,
        null,
        null,
        null,
        null,
        null,
        null,
        null,
        null,
        null,
        null,
        null,
        null,
        null,
        null,
        null,
        null,
        null,
        null,
        null,
        null,
        null,
        null,
        null,
        null,
        null,
        null,
        null,
        null,
        null,
        null,
        null,
        null,
        null,
        null,
        null,
        null,
        null,
        null,
        null,
        null,
        null,
        null,
        null,
        null,
        null,
        null,
        null,
        null,
        null,
        null,
        null,
        null,
        null,
        null,
        null,
        null,
        null,
        null,
        null,
        null,
        null,
        null,
        null,
        null,
        null,
        null,
        null,
        null,
        null,
        null,
        null,
        null,
        null,
        null,
        null,
        null,
        null,
        null,
        null,
        null,
        null,
        null,
        null,
        null,
        null,
        null,
        null,
        null,
        null,
        null,
        null,
        null,
        null,
        null,
        null,
        null,
        null,
        null,
        null,
        null,
        null,
        null,
        null,
        null,
        null,
        null,
        null,
        null,
        null,
        null,
        null,
        null,
        null,
        null,
        null,
        null,
        null,
        null,
        null,
        null,
        null,
        null,
        null,
        null,
        null,
        null,
        null,
        null,
        null,
        null,
        null,
        null,
        null,
        null,
        null,
        null,
        null,
        null,
        null,
        null,
        null,
        null,
        null,
        null,
        null,
        null,
        null,
        null,
        null,
        null,
        null,
        null,
        null,
        null,
        null,
        null,
        null,
        null,
        null,
        null,
        null,
        null,
        null,
        null,
        null,
        null,
        null,
        null,
        null,
        null,
        null,
        null
      ],
      "/Users/daniellong/Desktop/GSA-LIB/lib/gsa/modules/injector.rb": [
        1,
        1,
        null,
        1,
        236,
        null,
        null,
        1,
        58,
        null,
        null,
        1,
        1402,
        null,
        null,
        null
      ],
      "/Users/daniellong/Desktop/GSA-LIB/lib/gsa/modules/xmlizer.rb": [
        1,
        1,
        1,
        null,
        1,
        2,
        null,
        null,
        null,
        1,
        144,
        null,
        null,
        null,
        1,
        58,
        null,
        null,
        null,
        1,
        522,
        null,
        null,
        null
      ],
      "/Users/daniellong/Desktop/GSA-LIB/lib/gsa/modules/filer.rb": [
        1,
        1,
        null,
        1,
        null,
        null,
        2,
        null,
        null,
        1,
        2,
        null,
        null,
        1,
        2,
        null,
        null,
        1,
        2,
        null,
        null,
        1,
        2,
        null,
        null,
        null
      ],
      "/Users/daniellong/Desktop/GSA-LIB/lib/gsa/records_converter.rb": [
        1,
        1,
        1,
        1,
        1,
        null,
        1,
        2,
        2,
        2,
        2,
        null,
        null,
        2,
        null,
        2,
        null,
        null,
        null,
        1,
        null,
        null,
        1,
        2,
        null,
        null,
        null,
        null,
        null,
        null,
        null,
        null,
        null,
        null,
        1,
        18,
        null,
        null,
        1,
        16,
        null,
        null,
        null,
        null,
        null,
        null,
        1,
        48,
        null,
        null,
        1,
        160,
        null,
        null,
        null
      ],
      "/Users/daniellong/Desktop/GSA-LIB/lib/gsa/feeder.rb": [
        1,
        1,
        1,
        null,
        1,
        2,
        null,
        2,
        null,
        null,
        null,
        null,
        null,
        null,
        null,
        null,
        null,
        null
      ],
      "/Users/daniellong/Desktop/GSA-LIB/lib/gsa/searcher.rb": [
        1,
        1,
        1,
        10,
        10,
        10,
        10,
        10,
        10,
        10,
        null,
        10,
        10,
        null,
        10,
        null,
        10,
        null,
        null,
        1,
        15,
        null,
        null,
        1,
        10,
        null,
        null,
        1,
        10,
        null,
        null,
        null
      ],
      "/Users/daniellong/Desktop/GSA-LIB/lib/gsa/faceter.rb": [
        1,
        1,
        1,
        2,
        null,
        2,
        null,
        2,
        null,
        null,
        1,
        2,
        8,
        2,
        null,
        null,
        1,
        40,
        2,
        null,
        null,
        1,
        452,
        null,
        null,
        1,
        414,
        114,
        null,
        null,
        null,
        1,
        8,
        2,
        null,
        null,
        1,
        47,
        null,
        null,
        null
      ],
      "/Users/daniellong/Desktop/GSA-LIB/lib/gsa/search_converter.rb": [
        1,
        1,
        1,
        null,
        1,
        8,
        null,
        null,
        1,
        8,
        null,
        null,
        1,
        48,
        null,
        null,
        1,
        null,
        null,
        8,
        null,
        8,
        null,
        null,
        null,
        null,
        null,
        null,
        50,
        null,
        null,
        null,
        1,
        596,
        null,
        null,
        1,
        546,
        null,
        null,
        null
      ],
      "/Users/daniellong/Desktop/GSA-LIB/lib/gsa/uid_extractor.rb": [
        1,
        1,
        1,
        4,
        null,
        null,
        1,
        32,
        4,
        null,
        null,
        1,
        334,
        null,
        null,
        1,
        28,
        null,
        null,
        1,
        306,
        null,
        null,
        null
      ]
    },
    "timestamp": 1379517097
  }
}
